<?xml version="1.0" encoding="UTF-8"?>
<testng-results skipped="0" failed="0" total="1" passed="1">
  <reporter-output>
  </reporter-output>
  <suite name="Default suite" duration-ms="13515" started-at="2019-06-06T16:18:13Z" finished-at="2019-06-06T16:18:26Z">
    <groups>
    </groups>
    <test name="Default test" duration-ms="13515" started-at="2019-06-06T16:18:13Z" finished-at="2019-06-06T16:18:26Z">
      <class name="DEMO.Demo1">
        <test-method status="PASS" signature="testcase1()[pri:0, instance:DEMO.Demo1@d5c04e]" name="testcase1" duration-ms="13461" started-at="2019-06-06T21:48:13Z" finished-at="2019-06-06T21:48:26Z">
          <reporter-output>
          </reporter-output>
        </test-method> <!-- testcase1 -->
      </class> <!-- DEMO.Demo1 -->
    </test> <!-- Default test -->
  </suite> <!-- Default suite -->
</testng-results>
